<?xml version="1.0" encoding="UTF-8"?>
<!-- Generated by org.testng.reporters.JUnitReportReporter -->
<testsuite hostname="DESKTOP-NLFF423" name="maventest.selenium2.NewTest" tests="1" failures="0" timestamp="11 Nov 2019 07:03:20 GMT" time="0.032" errors="0">
  <testcase name="test" time="0.032" classname="maventest.selenium2.NewTest"/>
</testsuite> <!-- maventest.selenium2.NewTest -->
